Build started 4/8/2015 9:45:52 PM.
     1>Project "E:\GameDev\things\things.vcxproj" on node 2 (build target(s)).
     1>InitializeBuildStatus:
         Creating "Debug\things.unsuccessfulbuild" because "AlwaysCreate" was specified.
       ClCompile:
         C:\Program Files (x86)\Microsoft Visual Studio 10.0\VC\bin\CL.exe /c /ZI /nologo /W3 /WX- /Od /Oy- /D WIN32 /D _DEBUG /D _WINDOWS /D _MBCS /Gm /EHsc /RTC1 /MDd /GS /fp:precise /Zc:wchar_t /Zc:forScope /Fo"Debug\\" /Fd"Debug\vc100.pdb" /Gd /TP /analyze- /errorReport:prompt win_main.cpp
         win_main.cpp
       ManifestResourceCompile:
         All outputs are up-to-date.
       Link:
         C:\Program Files (x86)\Microsoft Visual Studio 10.0\VC\bin\link.exe /ERRORREPORT:PROMPT /OUT:"E:\GameDev\things\Debug\things.exe" /INCREMENTAL /NOLOGO kernel32.lib user32.lib gdi32.lib winspool.lib comdlg32.lib advapi32.lib shell32.lib ole32.lib oleaut32.lib uuid.lib odbc32.lib odbccp32.lib /MANIFEST /ManifestFile:"Debug\things.exe.intermediate.manifest" /MANIFESTUAC:"level='asInvoker' uiAccess='false'" /DEBUG /PDB:"E:\GameDev\things\Debug\things.pdb" /SUBSYSTEM:WINDOWS /TLBID:1 /DYNAMICBASE /NXCOMPAT /IMPLIB:"E:\GameDev\things\Debug\things.lib" /MACHINE:X86 Debug\things.exe.embed.manifest.res
         Debug\win_main.obj
       Manifest:
         C:\Program Files (x86)\Microsoft SDKs\Windows\v7.0A\bin\mt.exe /nologo /verbose /out:"Debug\things.exe.embed.manifest" /manifest Debug\things.exe.intermediate.manifest
         All outputs are up-to-date.
       LinkEmbedManifest:
         All outputs are up-to-date.
         things.vcxproj -> E:\GameDev\things\Debug\things.exe
       FinalizeBuildStatus:
         Deleting file "Debug\things.unsuccessfulbuild".
         Touching "Debug\things.lastbuildstate".
     1>Done Building Project "E:\GameDev\things\things.vcxproj" (build target(s)).

Build succeeded.

Time Elapsed 00:00:00.92
